magicindicator/build/outputs/logs/manifest-merger-debug-report.txt
-- Merging decision tree log ---
manifest
<<<<<<< HEAD
ADDED from src/main/AndroidManifest.xml:1:1-58
INJECTED from src/main/AndroidManifest.xml:1:1-58
INJECTED from src/main/AndroidManifest.xml:1:1-58
INJECTED from src/main/AndroidManifest.xml:1:1-58
INJECTED from src/main/AndroidManifest.xml:1:1-58
INJECTED from src/main/AndroidManifest.xml:1:1-58
INJECTED from src/main/AndroidManifest.xml:1:1-58
	package
		ADDED from src/main/AndroidManifest.xml:1:11-55
		INJECTED from src/main/AndroidManifest.xml
		INJECTED from src/main/AndroidManifest.xml
	android:versionName
		INJECTED from src/main/AndroidManifest.xml
		ADDED from src/main/AndroidManifest.xml:1:1-58
		INJECTED from src/main/AndroidManifest.xml
	android:versionCode
		INJECTED from src/main/AndroidManifest.xml
		ADDED from src/main/AndroidManifest.xml:1:1-58
		INJECTED from src/main/AndroidManifest.xml
uses-sdk
INJECTED from src/main/AndroidManifest.xml reason: use-sdk injection requested
INJECTED from src/main/AndroidManifest.xml
INJECTED from src/main/AndroidManifest.xml
INJECTED from src/main/AndroidManifest.xml
INJECTED from src/main/AndroidManifest.xml
	android:targetSdkVersion
		INJECTED from src/main/AndroidManifest.xml
		ADDED from src/main/AndroidManifest.xml
		INJECTED from src/main/AndroidManifest.xml
	android:minSdkVersion
		INJECTED from src/main/AndroidManifest.xml
		ADDED from src/main/AndroidManifest.xml
		INJECTED from src/main/AndroidManifest.xml
=======
ADDED from src\main\AndroidManifest.xml:1:1-58
INJECTED from src\main\AndroidManifest.xml:1:1-58
INJECTED from src\main\AndroidManifest.xml:1:1-58
INJECTED from src\main\AndroidManifest.xml:1:1-58
INJECTED from src\main\AndroidManifest.xml:1:1-58
INJECTED from src\main\AndroidManifest.xml:1:1-58
INJECTED from src\main\AndroidManifest.xml:1:1-58
	package
		ADDED from src\main\AndroidManifest.xml:1:11-55
		INJECTED from src\main\AndroidManifest.xml
		INJECTED from src\main\AndroidManifest.xml
	android:versionName
		INJECTED from src\main\AndroidManifest.xml
		ADDED from src\main\AndroidManifest.xml:1:1-58
		INJECTED from src\main\AndroidManifest.xml
	android:versionCode
		INJECTED from src\main\AndroidManifest.xml
		ADDED from src\main\AndroidManifest.xml:1:1-58
		INJECTED from src\main\AndroidManifest.xml
uses-sdk
INJECTED from src\main\AndroidManifest.xml reason: use-sdk injection requested
INJECTED from src\main\AndroidManifest.xml
INJECTED from src\main\AndroidManifest.xml
INJECTED from src\main\AndroidManifest.xml
INJECTED from src\main\AndroidManifest.xml
	android:targetSdkVersion
		INJECTED from src\main\AndroidManifest.xml
		ADDED from src\main\AndroidManifest.xml
		INJECTED from src\main\AndroidManifest.xml
	android:minSdkVersion
		INJECTED from src\main\AndroidManifest.xml
		ADDED from src\main\AndroidManifest.xml
		INJECTED from src\main\AndroidManifest.xml
>>>>>>> a9632c26cb0643e8a9ae983e83b7a597be3fcf14